[2025-03-24 20:28:38] [INFO] category - Using categorical units to plot a list of strings that are all parsable as floats or dates. If these strings should be plotted as numbers, cast to the appropriate data type before plotting.
[2025-03-24 20:28:38] [INFO] category - Using categorical units to plot a list of strings that are all parsable as floats or dates. If these strings should be plotted as numbers, cast to the appropriate data type before plotting.
[2025-03-24 20:28:38] [INFO] category - Using categorical units to plot a list of strings that are all parsable as floats or dates. If these strings should be plotted as numbers, cast to the appropriate data type before plotting.
[2025-03-24 20:28:38] [WARNING] log - Not Found: /static/assets/fonts/feather-icons/icons/chevron-down.svg
[2025-03-24 20:29:00] [WARNING] log - Not Found: /static/assets/fonts/feather-icons/icons/chevron-down.svg
[2025-03-24 20:29:03] [WARNING] log - Not Found: /static/assets/fonts/feather-icons/icons/chevron-down.svg
[2025-03-24 20:29:06] [WARNING] log - Not Found: /static/assets/fonts/feather-icons/icons/chevron-down.svg
[2025-03-24 20:29:08] [WARNING] log - Not Found: /static/assets/fonts/feather-icons/icons/chevron-down.svg
[2025-03-24 20:29:10] [WARNING] log - Not Found: /static/assets/fonts/feather-icons/icons/chevron-down.svg
[2025-03-24 20:37:37] [WARNING] log - Not Found: /static/assets/fonts/feather-icons/icons/chevron-down.svg
[2025-03-24 20:38:31] [WARNING] log - Not Found: /static/assets/fonts/feather-icons/icons/chevron-down.svg
[2025-03-24 21:07:21] [ERROR] log - Internal Server Error: /dashboard/
Traceback (most recent call last):
  File "/home/jrg/.local/lib/python3.10/site-packages/django/db/backends/utils.py", line 105, in _execute
    return self.cursor.execute(sql, params)
  File "/home/jrg/.local/lib/python3.10/site-packages/django/db/backends/sqlite3/base.py", line 329, in execute
    return super().execute(query, params)
sqlite3.OperationalError: no such column: cadastros_cliente.enviado_oferta_promo

The above exception was the direct cause of the following exception:

Traceback (most recent call last):
  File "/home/jrg/.local/lib/python3.10/site-packages/django/core/handlers/exception.py", line 55, in inner
    response = get_response(request)
  File "/home/jrg/.local/lib/python3.10/site-packages/django/core/handlers/base.py", line 197, in _get_response
    response = wrapped_callback(request, *callback_args, **callback_kwargs)
  File "/home/jrg/.local/lib/python3.10/site-packages/django/views/generic/base.py", line 104, in view
    return self.dispatch(request, *args, **kwargs)
  File "/home/jrg/.local/lib/python3.10/site-packages/django/contrib/auth/mixins.py", line 73, in dispatch
    return super().dispatch(request, *args, **kwargs)
  File "/home/jrg/.local/lib/python3.10/site-packages/django/views/generic/base.py", line 143, in dispatch
    return handler(request, *args, **kwargs)
  File "/home/jrg/.local/lib/python3.10/site-packages/django/views/generic/list.py", line 174, in get
    context = self.get_context_data()
  File "/mnt/c/Users/Jorge/Desktop/meusistema (deploy)/cadastros/views.py", line 254, in get_context_data
    context = super().get_context_data(**kwargs)
  File "/home/jrg/.local/lib/python3.10/site-packages/django/views/generic/list.py", line 128, in get_context_data
    paginator, page, queryset, is_paginated = self.paginate_queryset(
  File "/home/jrg/.local/lib/python3.10/site-packages/django/views/generic/list.py", line 73, in paginate_queryset
    page = paginator.page(page_number)
  File "/home/jrg/.local/lib/python3.10/site-packages/django/core/paginator.py", line 89, in page
    number = self.validate_number(number)
  File "/home/jrg/.local/lib/python3.10/site-packages/django/core/paginator.py", line 70, in validate_number
    if number > self.num_pages:
  File "/home/jrg/.local/lib/python3.10/site-packages/django/utils/functional.py", line 47, in __get__
    res = instance.__dict__[self.name] = self.func(instance)
  File "/home/jrg/.local/lib/python3.10/site-packages/django/core/paginator.py", line 116, in num_pages
    if self.count == 0 and not self.allow_empty_first_page:
  File "/home/jrg/.local/lib/python3.10/site-packages/django/utils/functional.py", line 47, in __get__
    res = instance.__dict__[self.name] = self.func(instance)
  File "/home/jrg/.local/lib/python3.10/site-packages/django/core/paginator.py", line 110, in count
    return c()
  File "/home/jrg/.local/lib/python3.10/site-packages/django/db/models/query.py", line 620, in count
    return self.query.get_count(using=self.db)
  File "/home/jrg/.local/lib/python3.10/site-packages/django/db/models/sql/query.py", line 629, in get_count
    return obj.get_aggregation(using, {"__count": Count("*")})["__count"]
  File "/home/jrg/.local/lib/python3.10/site-packages/django/db/models/sql/query.py", line 615, in get_aggregation
    result = compiler.execute_sql(SINGLE)
  File "/home/jrg/.local/lib/python3.10/site-packages/django/db/models/sql/compiler.py", line 1562, in execute_sql
    cursor.execute(sql, params)
  File "/home/jrg/.local/lib/python3.10/site-packages/django/db/backends/utils.py", line 122, in execute
    return super().execute(sql, params)
  File "/home/jrg/.local/lib/python3.10/site-packages/django/db/backends/utils.py", line 79, in execute
    return self._execute_with_wrappers(
  File "/home/jrg/.local/lib/python3.10/site-packages/django/db/backends/utils.py", line 92, in _execute_with_wrappers
    return executor(sql, params, many, context)
  File "/home/jrg/.local/lib/python3.10/site-packages/django/db/backends/utils.py", line 100, in _execute
    with self.db.wrap_database_errors:
  File "/home/jrg/.local/lib/python3.10/site-packages/django/db/utils.py", line 91, in __exit__
    raise dj_exc_value.with_traceback(traceback) from exc_value
  File "/home/jrg/.local/lib/python3.10/site-packages/django/db/backends/utils.py", line 105, in _execute
    return self.cursor.execute(sql, params)
  File "/home/jrg/.local/lib/python3.10/site-packages/django/db/backends/sqlite3/base.py", line 329, in execute
    return super().execute(query, params)
django.db.utils.OperationalError: no such column: cadastros_cliente.enviado_oferta_promo
[2025-03-24 21:07:21] [ERROR] basehttp - "GET /dashboard/ HTTP/1.1" 500 202708
[2025-03-24 21:07:21] [ERROR] basehttp - "GET /dashboard/ HTTP/1.1" 500 202708
[2025-03-24 21:08:36] [WARNING] log - Not Found: /static/assets/fonts/feather-icons/icons/chevron-down.svg
[2025-03-24 21:08:36] [INFO] category - Using categorical units to plot a list of strings that are all parsable as floats or dates. If these strings should be plotted as numbers, cast to the appropriate data type before plotting.
[2025-03-24 21:08:36] [INFO] category - Using categorical units to plot a list of strings that are all parsable as floats or dates. If these strings should be plotted as numbers, cast to the appropriate data type before plotting.
[2025-03-24 21:08:36] [INFO] category - Using categorical units to plot a list of strings that are all parsable as floats or dates. If these strings should be plotted as numbers, cast to the appropriate data type before plotting.
[2025-03-24 21:08:42] [WARNING] log - Not Found: /static/assets/fonts/feather-icons/icons/chevron-down.svg
[2025-03-24 21:08:42] [INFO] category - Using categorical units to plot a list of strings that are all parsable as floats or dates. If these strings should be plotted as numbers, cast to the appropriate data type before plotting.
[2025-03-24 21:08:42] [INFO] category - Using categorical units to plot a list of strings that are all parsable as floats or dates. If these strings should be plotted as numbers, cast to the appropriate data type before plotting.
[2025-03-24 21:08:42] [INFO] category - Using categorical units to plot a list of strings that are all parsable as floats or dates. If these strings should be plotted as numbers, cast to the appropriate data type before plotting.
[2025-03-24 21:09:10] [WARNING] log - Not Found: /static/assets/fonts/feather-icons/icons/chevron-down.svg
[2025-03-24 21:09:10] [INFO] category - Using categorical units to plot a list of strings that are all parsable as floats or dates. If these strings should be plotted as numbers, cast to the appropriate data type before plotting.
[2025-03-24 21:09:10] [INFO] category - Using categorical units to plot a list of strings that are all parsable as floats or dates. If these strings should be plotted as numbers, cast to the appropriate data type before plotting.
[2025-03-24 21:09:10] [INFO] category - Using categorical units to plot a list of strings that are all parsable as floats or dates. If these strings should be plotted as numbers, cast to the appropriate data type before plotting.
[2025-03-24 21:25:41] [WARNING] log - Not Found: /static/assets/fonts/feather-icons/icons/chevron-down.svg
[2025-03-24 21:25:41] [INFO] category - Using categorical units to plot a list of strings that are all parsable as floats or dates. If these strings should be plotted as numbers, cast to the appropriate data type before plotting.
[2025-03-24 21:25:41] [INFO] category - Using categorical units to plot a list of strings that are all parsable as floats or dates. If these strings should be plotted as numbers, cast to the appropriate data type before plotting.
[2025-03-24 21:25:41] [INFO] category - Using categorical units to plot a list of strings that are all parsable as floats or dates. If these strings should be plotted as numbers, cast to the appropriate data type before plotting.
[2025-03-24 21:33:15] [WARNING] log - Not Found: /static/assets/fonts/feather-icons/icons/chevron-down.svg
[2025-03-24 21:33:16] [INFO] category - Using categorical units to plot a list of strings that are all parsable as floats or dates. If these strings should be plotted as numbers, cast to the appropriate data type before plotting.
[2025-03-24 21:33:16] [INFO] category - Using categorical units to plot a list of strings that are all parsable as floats or dates. If these strings should be plotted as numbers, cast to the appropriate data type before plotting.
[2025-03-24 21:33:16] [INFO] category - Using categorical units to plot a list of strings that are all parsable as floats or dates. If these strings should be plotted as numbers, cast to the appropriate data type before plotting.
